[    0.000000] Initializing cgroup subsys cpuset
[    0.000000] Initializing cgroup subsys cpu
[    0.000000] Initializing cgroup subsys cpuacct
[    0.000000] Linux version 4.4.0-130-generic (buildd@lgw01-amd64-039) (gcc version 5.4.0 20160609 (Ubuntu 5.4.0-6ubuntu1~16.04.9) ) #156-Ubuntu SMP Thu Jun 14 08:53:28 UTC 2018 (Ubuntu 4.4.0-130.156-generic 4.4.134)
[    0.000000] Command line: BOOT_IMAGE=/boot/vmlinuz-4.4.0-130-generic root=UUID=b69fcaa8-51c4-4097-b089-4973e52fd39b ro console=tty1 console=ttyS0
[    0.000000] KERNEL supported cpus:
[    0.000000]   Intel GenuineIntel
[    0.000000]   AMD AuthenticAMD
[    0.000000]   Centaur CentaurHauls
[    0.000000] x86/fpu: xstate_offset[2]:  576, xstate_sizes[2]:  256
[    0.000000] x86/fpu: Supporting XSAVE feature 0x01: 'x87 floating point registers'
[    0.000000] x86/fpu: Supporting XSAVE feature 0x02: 'SSE registers'
[    0.000000] x86/fpu: Supporting XSAVE feature 0x04: 'AVX registers'
[    0.000000] x86/fpu: Enabled xstate features 0x7, context size is 832 bytes, using 'standard' format.
[    0.000000] x86/fpu: Using 'eager' FPU context switches.
[    0.000000] e820: BIOS-provided physical RAM map:
[    0.000000] BIOS-e820: [mem 0x0000000000000000-0x000000000009fbff] usable
[    0.000000] BIOS-e820: [mem 0x000000000009fc00-0x000000000009ffff] reserved
[    0.000000] BIOS-e820: [mem 0x00000000000f0000-0x00000000000fffff] reserved
[    0.000000] BIOS-e820: [mem 0x0000000000100000-0x00000000bffeffff] usable
[    0.000000] BIOS-e820: [mem 0x00000000bfff0000-0x00000000bfffffff] ACPI data
[    0.000000] BIOS-e820: [mem 0x00000000fec00000-0x00000000fec00fff] reserved
[    0.000000] BIOS-e820: [mem 0x00000000fee00000-0x00000000fee00fff] reserved
[    0.000000] BIOS-e820: [mem 0x00000000fffc0000-0x00000000ffffffff] reserved
[    0.000000] NX (Execute Disable) protection: active
[    0.000000] SMBIOS 2.5 present.
[    0.000000] Hypervisor detected: KVM
[    0.000000] e820: last_pfn = 0xbfff0 max_arch_pfn = 0x400000000
[    0.000000] MTRR: Disabled
[    0.000000] x86/PAT: MTRRs disabled, skipping PAT initialization too.
[    0.000000] CPU MTRRs all blank - virtualized system.
[    0.000000] x86/PAT: Configuration [0-7]: WB  WT  UC- UC  WB  WT  UC- UC  
[    0.000000] found SMP MP-table at [mem 0x0009fff0-0x0009ffff] mapped at [ffff88000009fff0]
[    0.000000] Scanning 1 areas for low memory corruption
[    0.000000] RAMDISK: [mem 0x361f2000-0x370f0fff]
[    0.000000] ACPI: Early table checksum verification disabled
[    0.000000] ACPI: RSDP 0x00000000000E0000 000024 (v02 VBOX  )
[    0.000000] ACPI: XSDT 0x00000000BFFF0030 00003C (v01 VBOX   VBOXXSDT 00000001 ASL  00000061)
[    0.000000] ACPI: FACP 0x00000000BFFF00F0 0000F4 (v04 VBOX   VBOXFACP 00000001 ASL  00000061)
[    0.000000] ACPI: DSDT 0x00000000BFFF0470 0021FF (v02 VBOX   VBOXBIOS 00000002 INTL 20160108)
[    0.000000] ACPI: FACS 0x00000000BFFF0200 000040
[    0.000000] ACPI: FACS 0x00000000BFFF0200 000040
[    0.000000] ACPI: APIC 0x00000000BFFF0240 00005C (v02 VBOX   VBOXAPIC 00000001 ASL  00000061)
[    0.000000] ACPI: SSDT 0x00000000BFFF02A0 0001CC (v01 VBOX   VBOXCPUT 00000002 INTL 20160108)
[    0.000000] No NUMA configuration found
[    0.000000] Faking a node at [mem 0x0000000000000000-0x00000000bffeffff]
[    0.000000] NODE_DATA(0) allocated [mem 0xbffeb000-0xbffeffff]
[    0.000000] kvm-clock: Using msrs 4b564d01 and 4b564d00
[    0.000000] kvm-clock: cpu 0, msr 0:bffe300 pmary cpu clock
[    0.000000] kvm-clock: using sched offset of 3585309051 cycles
[    0.000000] clocksource: kvm-clock: mask: 0xffffffffffffffff max_cycles: 0x1cd42e4dffb, max_idle_ns: 881590591483 ns
[    0.000000] Zone ranges:
[    0.000000]   DMA      [mem 0x0000000000001000-0x0000000000ffffff]
[    0.000000]   DMA32    [mem 0x0000000001000000-0x00000000bffeffff]
[    0.000000]   Normal   empty
[    0.000000]   Device   empty
[    0.000000] Movable zone start for each node
[    0.000000] Early memory node ranges
[    0.000000]   node   0: [mem 0x0000000000001000-0x000000000009efff]
[    0.000000]   node   0: [mem 0x0000000000100000-0x00000000bffeffff]
[    0.000000] Initmem setup node 0 [mem 0x0000000000001000-0x00000000bffeffff]
[    0.000000] ACPI: PM-Timer IO Port: 0x4008
[    0.000000] IOAPIC[0]: apic_id 2, version 32, address 0xfec00000, GSI 0-23
[    0.000000] ACPI: INT_SRC_OVR (bus 0 bus_irq 0 global_irq 2 dfl df
[   .00000] ACPI: INT_SRC_OVR (bus 0 bus_irq 9 global_irq 9 low level)
[    0.000000] Using ACPI (MADT) for SMP configuration information
[    0.000000] smpboot: Allowing 2 CPUs, 0 hotplug CPUs
[    0.000000] PM: Registered nosave memory: [mem 0x00000000-0x00000fff]
[    0.000000] PM: Registered nosave memory: [mem 0x0009f000-0x0009ffff]
[    0.000000] PM: Registered nosave memory: [mem 0x000a0000-0x000effff]
[    0.000000] PM: Registered nosave memory: [mem 0x000f0000-0x000fffff]
[    0.000000] e820: [mem 0xc0000000-0xfebfffff] available for PCI devices
[    0.000000] Booting paravirtualized kernel on KVM
[    0.000000] clocksource: refined-jiffies: mask: 0xffffffff max_cycles: 0xffffffff, max_idle_ns: 7645519600211568 ns
[    0.000000] setup_percpu: NR_CPUS:512 nr_cpumask_bits:512 nr_cpu_ids:2 nr_node_ids:1
[    0.000000] PERCPU: Embedded 34 pages/cpu @ffff8800bfa00000 s99544 r8192 d31528 u1048576
[    0.000000] PV qspinlock hash table entries: 256 (order: 0, 4096 bytes)
[    0.000000] Built 1 zonelists in Node order, mobility grouping on.  Total pages: 774008
[    0.000000] Policy zone: DMA32
[    0.000000] Kernel command line: BOOT_IMAGE=/boot/vmlinuz-4.4.0-130-generic root=UUID=b69fcaa8-51c4-4097-b089-4973e52fd39b ro console=tty1 console=ttyS0
[    0.000000] PID hash table entries: 4096 (order: 3, 32768 bytes)
[    0.000000] Memory: 3061548K/3145272K available (8546K kernel code, 1313K rwdata, 4000K rodata, 1516K init, 1316K bss, 83724K reserved, 0K cma-reserved)
[    0.000000] SLUB: HWalign=64, Order=0-3, MinObjects=0, CPUs=2, Nodes=1
[    0.000000] Kernel/User page tables isolation: enabled
[    0.000000] Hierarchical RCU implementation.
[    0.000000] 	Build-time adjustment of leaf fanout to 64.
[    0.000000] 	RCU restricting CPUs from NR_CPUS=512 to nr_cpu_ids=2.
[    0.000000] RCU: Adjusting geometry for rcu_fanout_leaf=64, nr_cpu_ids=2
[    0.000000] NR_IRQS:33024 nr_irqs:440 16
[    0.000000] Console: colour VGA+ 80x25
[    0.000000] console [tty1] enabled
[    0.000000] console [ttyS0] enabled
[    0.000000] tsc: Detected 2399.998 MHz processor
[    1.250004] Calibrating delay loop (skipped) preset value.. 4799.99 BogoMIPS (lpj=9599992)
[    1.251683] pid_max: default: 32768 minimum: 301
[    1.252585] ACPI: Core revision 20150930
[    1.254471] ACPI: 2 ACPI AML tables successfully acquired and loaded
[    1.255774] Security Framework initialized
[    1.256600] Yama: becoming mindful.
[    1.257394] AppArmor: AppArmor initialized
[    1.258940] Dentry cache hash table entries: 524288 (order: 10, 4194304 bytes)
[    1.268861] Inode-cache hash table entries: 262144 (order: 9, 2097152 bytes)
[    1.405199] Mount-cache hash table entries: 8192 (order: 4, 65536 bytes)
[    1.406308] Mountpoint-cache hash table entries: 8192 (order: 4, 65536 bytes)
[    1.408023] Initializing cgroup subsys io
[    1.409867] Initializing cgroup subsys memory
[    1.410661] Initializing cgroup subsys devices
[    1.411467] Initializing cgroup subsys freezer
[    1.508488] Initializing cgroup subsys net_cls
[    1.530432] Initializing cgroup subsys perf_event
[    1.531371] Initializing cgroup subsys net_prio
[    1.532290] Initializing cgroup subsys hugetlb
[    1.533191] Initializing cgroup subsys pids
[    1.534111] CPU: Physical Processor ID: 0
[    1.534910] CPU: Processor Core ID: 0
[    1.536864] mce: CPU supports 0 MCE banks
[    1.537823] Last level iTLB entries: 4KB 64, 2MB 8, 4MB 8
[    1.538811] Last level dTLB entries: 4KB 64, 2MB 0, 4MB 0, 1GB 4
[    1.539881] Spectre V2 : Mitigation: Full generic retpoline
[    1.540890] Spectre V2 : Speculation control IBPB not-supported IBRS not-supported
[    1.587851] Spectre V2 : Filling RSB on context switch
[    1.649730] Speculative Store Bypass: Vulnerable
[    1.653222] Freeing SMP alternatives memory: 32K
[    1.769777] ftrace: allocating 32245 entries in 126 pages
[    1.922939] smpboot: APIC(0) Converting physical 0 to logical package 0
[    2.045207] smpboot: Max logical packages: 1
[    2.126580] x2apic enabled
[    2.182688] Switched APIC routing to physical x2apic.
[    2.297846] ..TIMER: vector=0x30 apic1=0 pin1=2 apic2=-1 pin2=-1
[    2.500894] smpboot: CPU0: Intel(R) Core(TM) i5-6200U CPU @ 2.30GHz (family: 0x6, model: 0x4e, stepping: 0x3)
[    2.718957] Performance Events: unsupported p6 CPU model 78 no PMU driver, software events only.
[    2.909848] KVM setup paravirtual spinlock
[    2.911403] x86: Booting SMP configuration:
[    2.912304] .... node  #0, CPUs:      #1
[    2.913231] kvm-clock: cpu 1, msr 0:bffe3041, secondary cpu clock
[    2.915082] mce: CPU supports 0 MCE banks
[    2.917533] x86: Booted up 1 node, 2 CPUs
[    2.987907] smpboot: Total of 2 processors activated (9599.99 BogoMIPS)
[    3.048360] devtmpfs: initialized
[    3.051733] evm: security.selinux
[    3.052446] evm: security.SMACK64
[    3.053213] evm: security.SMACK64EXEC
[    3.054048] evm: security.SMACK64TRANSMUTE
[    3.054860] evm: security.SMACK64MMAP
[    3.055724] evm: security.ima
[    3.056382] evm: security.capability
[    3.057490] clocksource: jiffies: mask: 0xffffffff max_cycles: 0xffffffff, max_idle_ns: 7645041785100000 ns
[    3.059310] futex hash table entries: 512 (order: 3, 32768 bytes)
[    3.060558] pinctrl core: initialized pinctrl subsystem
[    3.061904] RTC time: 16:19:03, date: 07/04/18
[    3.078939] NET: Registered protocol family 16
[    3.089303] cpuidle: using governor ladder
[    3.165661] cpuidle: using governor menu
[    3.238663] PCCT header not found.
[    3.314694] ACPI: bus type PCI registered
[    3.374669] acpiphp: ACPI Hot Plug PCI Controller Driver version: 0.5
[    3.436286] PCI: Using configuration type 1 for base access
[    3.450281] ACPI: Added _OSI(Module Device)
[    3.456465] ACPI: Added _OSI(Processor Device)
[    3.457462] ACPI: Added _OSI(3.0 _SCP Extensions)
[    3.458434] ACPI: Added _OSI(Processor Aggregator Device)
[    3.460142] ACPI: Executed 1 blocks of module-level executable AML code
[    3.463700] ACPI: Interpreter enabled
[    3.464492] ACPI: (supports S0 S5)
[    3.465261] ACPI: Using IOAPIC for interrupt routing
[    3.471780] PCI: Using host bridge windows from ACPI; if necessary, use "pci=nocrs" and report a bug
[    3.477189] ACPI: PCI Root Bridge [PCI0] (domain 0000 [bus 00-ff])
[    3.478595] acpi PNP0A03:00: _OSC: OS supports [ASPM ClockPM Segments MSI]
[    3.619188] acpi PNP0A03:00: _OSC: not requesting OS control; OS requires [ExtendedConfig ASPM ClockPM MSI]
[    3.652197] acpi PNP0A03:00: fail to add MMCONFIG information, can't access extended PCI configuration space under this bridge.
[    3.654611] PCI host bridge to bus 0000:00
[    3.655433] pci_bus 0000:00: root bus resource [io  0x0000-0x0cf7 window]
[    3.699597] pci_bus 0000:00: root bus resource [io  0x0d00-0xffff window]
[    3.700834] pci_bus 0000:00: root bus resource [mem 0x000a0000-0x000bffff window]
[    3.707410] pci_bus 0000:00: root bus resource [mem 0xc0000000-0xfdffffff window]
[    3.708990] pci_bus 0000:00: root bus resource [bus 00-ff]
[    3.711495] pci 0000:00:01.1: legacy IDE quirk: reg 0x10: [io  0x01f0-0x01f7]
[    3.724076] pci 0000:00:01.1: legacy IDE quirk: reg 0x14: [io  0x03f6]
[    3.751482] pci 0000:00:01.1: legacy IDE quirk: reg 0x18: [io  0x0170-0x0177]
[    3.752769] pci 0000:00:01.1: legacy IDE quirk: reg 0x1c: [io  0x0376]
[    3.787744] pci 0000:00:07.0: quirk: [io  0x4000-0x403f] claimed by PIIX4 ACPI
[    3.794667] pci 0000:00:07.0: quirk: [io  0x4100-0x410f] claimed by PIIX4 SMB
[    3.824681] ACPI: PCI Interrupt Link [LNKA] (IRQs 5 9 10 *11)
[    3.852011] ACPI: PCI Interrupt Link [LNKB] (IRQs 5 9 *10 11)
[    3.853555] ACPI: PCI Interrupt Link [LNKC] (IRQs 5 *9 10 11)
[    3.855147] ACPI: PCI Interrupt Link [LNKD] (IRQs 5 9 10 *11)
[    3.856795] ACPI: Enabled 2 GPEs in block 00 to 07
[    3.858318] vgaarb: setting as boot device: PCI:0000:00:02.0
[    3.859385] vgaarb: device added: PCI:0000:00:02.0,decodes=io+mem,owns=io+mem,locks=none
[    3.861018] vgaarb: loaded
[    3.861754] vgaarb: bridge control possible 0000:00:02.0
[    3.863027] SCSI subsystem initialized
[    3.863968] ACPI: bus type USB registered
[    3.864822] usbcore: registered new interface driver usbfs
[    3.874726] usbcore: registered new interface driver hub
[    3.902017] usbcore: registered new device driver usb
[    3.926433] PCI: Using ACPI for IRQ routing
[    3.931631] NetLabel: Initializing
[    3.932372] NetLabel:  domain hash size = 128
[    3.933230] NetLabel:  protocols = UNLABELED CIPSOv4
[    3.934299] NetLabel:  unlabeled traffic allowed by default
[    3.935538] amd_nb: Cannot enumerate AMD northbridges
[    3.936576] clocksource: Switched to clocksource kvm-clock
[    3.944505] AppArmor: AppArmor Filesystem Enabled
[    4.007484] pnp: PnP ACPI init
[    4.008869] pnp: PnP ACPI: found 3 devices
[  4198]clckoue:cppm: mask: 0xffffff max_cycles: 0xffffff, max_idle_ns: 2085701024 ns
[    4.497575] NET: Registered protocol family 2
[    4.498724] TCP established hash table entries: 32768 (order: 6, 262144 bytes)
[    4.500231] TCP bind hash table entries: 32768 (order: 7, 524288 bytes)
[    4.501964] TCP: Hash tables configured (established 32768 bind 32768)
[    4.597583] UDP hash table entries: 2048 (order: 4, 65536 bytes)
[    4.598719] UDP-Lite hash table entries: 2048 (order: 4, 65536 bytes)
[    4.599904] NET: Registered protocol family 1
[    4.600766] pci 0000:00:00.0: Limiting direct PCI/PCI transfers
[    4.601929] pci 0000:00:01.0: Activating ISA DMA hang workarounds
[    4.603181] Unpacking initramfs...
[    4.842544] Freeing initrd memory: 15356K
[    4.936072] platform rtc_cmos: registered platform RTC device (no PNP device found)
[    4.938785] Scanning for low memory corruption every 60 seconds
[    4.940444] audit: initializing netlink subsys (disabled)
[    4.941583] audit: type=2000 audit(1530721147.340:1): initialized
[    4.942984] Initialise system trusted keyring
[    4.944103] HugeTLB registered 2 MB page size, pre-allocated 0 pages
[    4.947032] zbud: loaded
[    4.953517] VFS: Disk quotas dquot_6.6.0
[    5.010185] VFS: Dquot-cache hash table entries: 512 (order 0, 4096 bytes)
[    5.017114] squashfs: version 4.0 (2009/01/31) Phillip Lougher
[    5.018661] fuse init (API version 7.23)
[    5.019706] Key type big_key registered
[    5.020513] Allocating IMA MOK and blacklist keyrings.
[    5.022910] Key type asymmetric registered
[    5.023773] Asymmetric key parser 'x509' registered
[    5.024787] Block layer SCSI generic (bsg) driver version 0.4 loaded (major 249)
[    5.026458] io scheduler noop registered
[    5.027274] io scheduler deadline registered (default)
[    5.028423] io scheduler cfq registered
[    5.078638] pci_hotplug: PCI Hot Plug PCI Core version: 0.5
[    5.079690] pciehp: PCI Express Hot Plug Controller Driver version: 0.4
[    5.081045] ACPI: AC Adapter [AC] (on-line)
[    5.082013] input: Power Button as /devices/LNXSYSTM:00/LNXPWRBN:00/input/input0
[    5.199976] ACPI: Power Button [PWRF]
[    5.200816] input: Sleep Button as /devices/LNXSYSTM:00/LNXSLPBN:00/input/input1
[    5.237978] ACPI: Sleep Button [SLPF]
[    5.281345] GHES: HEST is not enabled!
[    5.281998] ACPI: Battery Slot [BAT0] (battery present)
[    5.338324] Serial: 8250/16550 driver, 32 ports, IRQ sharing enabled
[    5.361227] 00:02: ttyS0 at I/O 0x3f8 (irq = 4, base_baud = 115200) is a 16550A
[   4038Lix pgt teacv003
[    5.934209] tsc: Refined TSC clocksource calibration: 2399.155 MHz
[    5.957484] clocksource: tsc: mask: 0xffffffffffffffff max_cycles: 0x22951935d11, max_idle_ns: 440795277417 ns
[    5.960870] loop: module loaded
[    5.962350] scsi host0: ata_piix
[    5.966419] scsi host1: ata_piix
[    5.967213] ata1: PATA max UDMA/33 cmd 0x1f0 ctl 0x3f6 bmdma 0xd000 irq 14
[    5.970989] ata2: PATA max UDMA/33 cmd 0x170 ctl 0x376 bmdma 0xd008 irq 15
[    6.006364] libphy: Fixed MDIO Bus: probed
[    6.026335] tun: Universal TUN/TAP device driver, 1.6
[    6.027287] tun: (C) 1999-2004 Max Krasnyansky <maxk@qualcomm.com>
[    6.046239] PPP generic driver version 2.4.2
[    6.051743] ehci_hcd: USB 2.0 'Enhanced' Host Controller (EHCI) Driver
[    6.054422] ehci-pci: EHCI PCI platform driver
[    6.055246] ehci-platform: EHCI generic platform driver
[    6.056226] ohci_hcd: USB 1.1 'Open' Host Controller (OHCI) Driver
[    6.057273] ohci-pci: OHCI PCI platform driver
[    6.058098] ohci-platform: OHCI generic platform driver
[    6.076165] uhci_hcd: USB Universal Host Controller Interface driver
[    6.086112] i8042: PNP: PS/2 Controller [PNP0303:PS2K,PNP0f03:PS2M] at 0x60,0x64 irq 1,12
[    6.088078] serio: i8042 KBD port at 0x60,0x64 irq 1
[    6.088986] serio: i8042 AUX port at 0x60,0x64 irq 12
[    6.090001] mousedev: PS/2 mouse device common for all mice
[    6.096160] rtc_cmos rtc_cmos: rtc core: registered rtc_cmos as rtc0
[    6.098547] rtc_cmos rtc_cmos: alarms up to one day, 114 bytes nvram
[    6.099764] i2c /dev entries driver
[    6.100587] input: AT Translated Set 2 keyboard as /devices/platform/i8042/serio0/input/input2
[    6.102611] device-mapper: uevent: version 1.0.3
[    6.103604] device-mapper: ioctl: 4.34.0-ioctl (2015-10-28) initialised: dm-devel@redhat.com
[    6.126900] ledtrig-cpu: registered to indicate activity on CPUs
[    6.138502] NET: Registered protocol family 10
[    6.139666] NET: Registered protocol family 17
[    6.140568] Key type dns_resolver registered
[    6.141790] registered taskstats version 1
[    6.142643] Loading compiled-in X.509 certificates
[    6.144167] Loaded X.509 cert 'Build time autogenerated kernel key: b3e0fe4bcd6378c38a2c0a4648abbc1fa5043a22'
[    6.156978] zswap: loaded using pool lzo/zbud
[    6.165282] Key type trusted registered
[    6.179902] Key type encrypted registered
[    6.226191] AppArmor: AppArmor sha1 policy hashing enabled
[    6.227245] ima: No TPM chip found, activating TPM-bypass!
[    6.228330] ima: Allocated hash algorithm: sha1
[    6.246461] evm: HMAC attrs: 0x1
[    6.247621]   Magic number: 10:274:337
[    6.248490] tty tty58: hash matches
[    6.249493] rtc_cmos rtc_cmos: setting system clock to 2018-07-04 16:19:06 UTC (1530721146)
[    6.251333] BIOS EDD facility v0.16 2004-Jun-25, 0 devices found
[    6.252512] EDD information not available.
[    6.254853] Freeing unused kernel memory: 1516K
[    6.268889] Write protecting the kernel read-only data: 14336k
[    6.287143] Freeing unused kernel memory: 1680K
[    6.290972] Freeing unused kernel memory: 96K
Loading, please wait...
[    6.307269] random: systemd-udevd: uninitialized urandom read (16 bytes read, 3 bits of entropy available)
starting version 229
[    6.308096] random: udevadm: uninitialized urandom read (16 bytes read, 3 bits of entropy available)
[    6.308124] random: udevadm: uninitialized urandom read (16 bytes read, 3 bits of entropy available)
[    6.323192] random: udevadm: uninitialized urandom read (16 bytes read, 3 bits of entropy available)
[    6.323260] random: udevadm: uninitialized urandom read (16 bytes read, 3 bits of entropy available)
[    6.323492] random: udevadm: uninitialized urandom read (16 bytes read, 3 bits of entropy available)
[    6.323581] random: udevadm: uninitialized urandom read (16 bytes read, 3 bits of entropy available)
[    6.323668] random: udevadm: uninitialized urandom read (16 bytes read, 3 bits of entropy available)
[    6.323761] random: udevadm: uninitialized urandom read (16 bytes read, 3 bits of entropy available)
[    6.323847] random: udevadm: uninitialized urandom read (16 bytes read, 3 bits of entropy available)
[    6.624803] e1000: Intel(R) PRO/1000 Network Driver - version 7.3.21-k8-NAPI
[    6.633413] e1000: Copyright (c) 1999-2006 Intel Corporation.
[    6.637116] Fusion MPT base driver 3.04.20
[    6.745020] Copyright (c) 1999-2008 LSI Corporation
[    6.790862] AVX2 version of gcm_enc/dec engaged.
[    6.872206] AES CTR mode by8 optimization enabled
[    6.898313] Fusion MPT SPI Host driver 3.04.20
[    6.993606] input: ImExPS/2 Generic Explorer Mouse as /devices/platform/i8042/serio1/input/input4
[    7.216703] e1000 0000:00:03.0 eth0: (PCI:33MHz:32-bit) 02:39:99:10:d1:5e
[    7.259834] e1000 0000:00:03.0 eth0: Intel(R) PRO/1000 Network Connection
[    7.261940] mptbase: ioc0: Initiating bringup
[    7.336279] ioc0: LSI53C1030 A0: Capabilities={Initiator}
[    8.500569] scsi host2: ioc0: LSI53C1030 A0, FwRev=00000000h, Ports=1, MaxQ=256, IRQ=20
[    9.256948] scsi 2:0:0:0: Direct-Access     VBOX     HARDDISK         1.0  PQ: 0 ANSI: 5
[    9.527256] scsi target2:0:0: Beginning Domain Validation
[    9.622230] scsi target2:0:0: Domain Validation skipping write tests
[    9.681273] scsi target2:0:0: Ending Domain Validation
[    9.724254] scsi target2:0:0: asynchronous
[    9.729511] scsi 2:0:1:0: Direct-Access     VBOX     HARDDISK         1.0  PQ: 0 ANSI: 5
[    9.769965] scsi target2:0:1: Beginning Domain Validation
[    9.777263] scsi target2:0:1: Domain Validation skipping write tests
[    9.779568] scsi target2:0:1: Ending Domain Validation
[    9.780678] scsi target2:0:1: asynchronous
[    9.793471] sd 2:0:0:0: Attached scsi generic sg0 type 0
[    9.834044] sd 2:0:0:0: [sda] 20971520 512-byte logical blocks: (10.7 GB/10.0 GiB)
[    9.836005] sd 2:0:0:0: [sda] Write Protect is off
[    9.837133] sd 2:0:0:0: [sda] Incomplete mode parameter data
[    9.838287] sd 2:0:0:0: [sda] Assuming drive cache: write through
[    9.840510]  sda: sda1
[    9.843653] sd 2:0:1:0: [sdb] 20480 512-byte logical blocks: (10.5 MB/10.0 MiB)
[    9.845516] sd 2:0:1:0: [sdb] Write Protect is off
[    9.875970] sd 2:0:1:0: Attached scsi generic sg1 type 0
[    9.877603] sd 2:0:1:0: [sdb] Incomplete mode parameter data
[    9.903542] sd 2:0:1:0: [sdb] Assuming drive cache: write through
[    9.904849] sd 2:0:0:0: [sda] Attached SCSI disk
[    9.929127] sd 2:0:1:0: [sdb] Attached SCSI disk
[   10.008568] e1000 0000:00:08.0 eth1: (PCI:33MHz:32-bit) 08:00:27:d3:72:e4
[   10.025994] e1000 0000:00:08.0 eth1: Intel(R) PRO/1000 Network Connection
[   10.167245] e1000 0000:00:03.0 enp0s3: renamed from eth0
[   10.180940] e1000 0000:00:08.0 enp0s8: renamed from eth1
Begin: Loading e[   11.576653] md: linear personality registered for level -1
ssential drivers ... [   11.689461] md: multipath personality registered for level -4
[   11.779532] md: raid0 personality registered for level 0
[   11.825581] md: raid1 personality registered for level 1
[   11.933143] raid6: sse2x1   gen()  8609 MB/s
[   12.040597] raid6: sse2x1   xor()  5663 MB/s
[   12.295486] raid6: sse2x2   gen() 11589 MB/s
[   12.381510] raid6: sse2x2   xor()  7788 MB/s
[   12.481240] raid6: sse2x4   gen() 12639 MB/s
[   12.565408] raid6: sse2x4   xor()  8756 MB/s
[   12.795407] raid6: avx2x1   gen() 18750 MB/s
[   12.865407] raid6: avx2x2   gen() 20666 MB/s
[   12.975405] raid6: avx2x4   gen() 20807 MB/s
[   13.006119] raid6: using algorithm avx2x4 gen() 20807 MB/s
[   13.007054] raid6: using avx2x2 recovery algorithm
[   13.009458] xor: automatically using best checksumming function:
[   13.048651]    avx       : 19647.000 MB/sec
[   13.057603] async_tx: api initialized (async)
[   13.086479] md: raid6 personality registered for level 6
[   13.131107] md: raid5 personality registered for level 5
[   13.246218] md: raid4 personality registered for level 4
[   13.254086] md: raid10 personality registered for level 10
done.
Begin: Running /scripts/init-premount ... done.
Begin: Mounting root file system ... Begin: Running /scripts/local-top ... done.
Begin: Running /scripts/local-premount ... [   13.301636] Btrfs loaded
Scanning for Btrfs filesystems
done.
Warning: fsck not present, so skipping root file system
[   13.447457] EXT4-fs (sda1): mounted filesystem with ordered data mode. Opts: (null)
done.
Begin: Running /scripts/local-bottom ... done.
Begin: Running /scripts/init-bottom ... done.
[   4.71] rado nblkig pool is initialized
[   15.111820] systemd[1]: systemd 229 running in system mode. (+PAM +AUDIT +SELINUX +IMA +APPARMOR +SMACK +SYSVINIT +UTMP +LIBCRYPTSETUP +GCRYPT +GNUTLS +ACL +XZ -LZ4 +SECCOMP +BLKID +ELFUTILS +KMOD -IDN)
[   15.215522] systemd[1]: Detected virtualization oracle.
[   15.301246] systemd[1]: Detected architecture x86-64.

Welcome to [1mUbuntu 16.04.4 LTS[0m!

[   15.446608] systemd[1]: Set hostname to <devops>.
[   16.855830] systemd[1]: Listening on udev Kernel Socket.
[[0;32m  OK  [0m] Listening on udev Kernel Socket.
[   16.902559] systemd[1]: Created slice User and Session Slice.
[[0;32m  OK  [0m] Created slice User and Session Slice.
[   16.908496] systemd[1]: Listening on Device-mapper event daemon FIFOs.
[[0;32m  OK  [0m] Listening on Device-mapper event daemon FIFOs.
[   16.957279] systemd[1]: Created slice System Slice.
[[0;32m  OK  [0m] Created slice System Slice.
[   16.993582] systemd[1]: Listening on udev Control Socket.
[[0;32m  OK  [0m] Listening on udev Control Socket.
[   17.112913] systemd[1]: Listening on LVM2 poll daemon socket.
[[0;32m  OK  [0m] Listening on LVM2 poll daemon socket.
[   17.117238] systemd[1]: Listening on LVM2 metadata daemon socket.
[[0;32m  OK  [0m] Listening on LVM2 metadata daemon socket.
[   17.120366] systemd[1]: Reached target Swap.
[[0;32m  OK  [0m] Reached target Swap.
[   17.123479] systemd[1]: Set up automount Arbitrary Executable File Formats File System Automount Point.
[[0;32m  OK  [0m] Set up automount Arbitrary Executab...ats File System Automount Point.
[   17.128095] systemd[1]: Listening on Journal Socket (/dev/log).
[[0;32m  OK  [0m] Listening on Journal Socket (/dev/log).
[   17.136852] systemd[1]: Listening on Journal Audit Socket.
[[0;32m  OK  [0m] Listening on Journal Audit Socket.
[   17.147838] systemd[1]: Listening on /dev/initctl Compatibility Named Pipe.
[[0;32m  OK  [0m] Listening on /dev/initctl Compatibility Named Pipe.
[   17.156767] systemd[1]: Listening on Syslog Socket.
[[0;32m  OK  [0m] Listening on Syslog Socket.
[   17.276975] systemd[1]: Reached target User and Group Name Lookups.
[[0;32m  OK  [0m] Reached target User and Group Name Lookups.
[   17.306086] systemd[1]: Reached target System Time Synchronized.
[[0;32m  OK  [0m] Reached target System Time Synchronized.
[   17.332604] systemd[1]: Started Trigger resolvconf update for networkd DNS.
[[0;32m  OK  [0m] Started Trigger resolvconf update for networkd DNS.
[   17.335339] systemd[1]: Created slice system-serial\x2dgetty.slice.
[[0;32m  OK  [0m] Created slice system-serial\x2dgetty.slice.
[   17.337440] systemd[1]: Reached target Encrypted Volumes.
[[0;32m  OK  [0m] Reached target Encrypted Volumes.
[   17.408250] systemd[1]: Started Forward Password Requests to Wall Directory Watch.
[[0;32m  OK  [0m] Started Forward Password Requests to Wall Directory Watch.
[   17.410775] systemd[1]: Listening on Journal Socket.
[[0;32m  OK  [0m] Listening on Journal Socket.
[   17.424730] systemd[1]: Starting Nameserver information manager...
         Starting Nameserver information manager...
[   17.529160] systemd[1]: Starting Monitoring of LVM2 mirrors, snapshots etc. using dmeventd or progress polling...
         Starting Monitoring of LVM2 mirrors... dmeventd or progress polling...
[   17.541546] systemd[1]: Starting Create list of required static device nodes for the current kernel...
         Starting Create list of required st... nodes for the current kernel...
[   17.548300] systemd[1]: Mounting Debug File System...
         Mounting Debug File System...
[   17.553727] systemd[1]: Starting Set console keymap...
         Starting Set console keymap...
[   17.653470] systemd[1]: Starting Uncomplicated firewall...
         Starting Uncomplicated firewall...
[   17.772763] systemd[1]: Mounting Huge Pages File System...
         Mounting Huge Pages File System...
[   17.791494] systemd[1]: Mounting POSIX Message Queue File System...
         Mounting POSIX Message Queue File System...
[   17.832944] systemd[1]: Starting Load Kernel Modules...
         Starting Load Kernel Modules...
[   17.847465] systemd[1]: Starting Journal Service...
         Starting Journal Service...
[   17.861580] systemd[1]: Starting Remount Root and Kernel File Systems...
         Starting Remount Root and Kernel File S[   17.880634] EXT4-fs (sda1): re-mounted. Opts: (null)
ystems...
[   17.961598] systemd[1]: Reached target Slices.
[   17.961689] Loading iSCSI transport class v2.0-870.
[[0;32m  OK  [0m] Reached target Slices.
[   18.097958] systemd[1]: Mounted Debug File System.
[[0;32m  OK  [[   18.119485] iscsi: registered transport (tcp)
0m] Mounted Debug File System.
[   18.208866] systemd[1]: Mounted POSIX Message Queue File System.
[[0;32m  OK  [0m] Mounted POSIX Message Queue File System.
[   18.264906] systemd[1]: Mounted Huge Pages File System.
[[0;32m  OK  [0m] Mounted Huge Pages File System.
[   18.277243] systemd[1]: Started Journal Service.
[[0;32m  OK  [0m] Started Journal Service.
[   18.293341] iscsi: registered transport (iser)
[[0;32m  OK  [0m] Started Create list of required sta...ce nodes for the current kernel.
[[0;32m  OK  [0m] Started Set console keymap.
[[0;32m  OK  [0m] Started Uncomplicated firewall.
[[0;32m  OK  [0m] Started Load Kernel Modules.
[[0;32m  OK  [0m] Started Remount Root and Kernel File Systems.
[[0;32m  OK  [0m] Started Nameserver information manager.
[[0;32m  OK  [0m] Started LVM2 metadata daemon.
         Starting udev Coldplug all Devicee...
         Starting Load/Save Random Seed...
         Starting Initial cloud-init job (pre-networking)...
         Starting Apply Kernel Variables...
         Mounting FUSE Control File System...
         Starting Create Static Device Nodes in /dev...
         Starting Flush Journal to Persistent Storage...
[[0;32m  OK  [0m] Mounted FUSE Control File System.
[[0;32m  OK  [0m] Started Load/Save Random Seed.
[[0;32m  OK  [0m] Started udev Coldplug all Devices.
[   18.862909] systemd-journald[400]: Received request to flush runtime journal from PID 1
[[0;32m  OK  [0m] Started Flush Journal to Persistent Storage.
[[0;32m  OK  [0m] Started Monitoring of LVM2 mirrors,...ng dmeventd or progress polling.
[[0;32m  OK  [0m] Started Create Static Device Nodes in /dev.
         Starting udev Kernel Device Manager...
[[0;32m  OK  [0m] Started Apply Kernel Variables.
[[0;32m  OK  [0m] Started udev Kernel Device Manager.
[[0;32m  OK  [0m] Started Dispatch Password Requests to Console Directory Watch.
[[0;32m  OK  [0m] Reached target Local File Systems (Pre).
[[0;32m  OK  [0m] Reached target Local File Systems.
         Starting Set console font and keymap...
         Starting Tell Plymouth To Write Out Runtime Data...
         Starting LSB: AppArmor initialization...
         Starting Create Volatile Files and Directories...
[[0;32m  OK  [0m] Started Tell Plymouth To Write Out Runtime Data.
[[0;32m  OK  [0m] Found device /dev/ttyS0.
[[0;32m  OK  [0m] Found device 82540EM Gigabit Ethern...r (PRO/1000 MT Desktop Adapter).
[[0;32m  OK  [0m] Found device 82540EM Gigabit Ethern...r (PRO/1000 MT Desktop Adapter).
[[0;32m  OK  [0m] Listening on Load/Save RF Kill Switch Status /dev/rfkill Watch.
[[0;32m  OK  [0m] Started Create Volatile Files and Directories.
         Starting Update UTMP about System Boot/Shutdown...
[[0;32m  OK  [0m] Started Update UTMP about System Boot/Shutdown.
[[0;32m  OK  [0m] Started Set console font and keymap.
[[0;32m  OK  [0m] Created slice system-getty.slice.
[[0;32m  OK  [0m] Started LSB: AppArmor initialization.
[   21.390133] cloud-init[440]: Cloud-init v. 17.2 running 'init-local' at Wed, 04 Jul 2018 16:19:24 +0000. Up 20.56 seconds.
[[0;32m  OK  [0m] Started Initial cloud-init job (pre-networking).
[[0;32m  OK  [0m] Reached target Network (Pre).
         Starting Raise network interfaces...
[[0;32m  OK  [0m] Started ifup for enp0s3.
[[0;32m  OK  [0m] Started ifup for enp0s8.
[[0;32m  OK  [0m] Started Raise network interfaces.
[[0;32m  OK  [0m] Reached target Network.
         Starting Initial cloud-init job (metadata service crawler)...
[   23.115022] cloud-init[1073]: Cloud-init v. 17.2 running 'init' at Wed, 04 Jul 2018 16:19:26 +0000. Up 22.34 seconds.
[   23.143880] cloud-init[1073]: ci-info: ++++++++++++++++++++++++++++++++++++++Net device info++++++++++++++++++++++++++++++++++++++
[   23.149254] cloud-init[1073]: ci-info: +--------+------+-----------------------------+---------------+-------+-------------------+
[   23.152184] cloud-init[1073]: ci-info: | Device |  Up  |           Address           |      Mask     | Scope |     Hw-Address    |
[   23.155183] cloud-init[1073]: ci-info: +--------+------+-----------------------------+---------------+-------+-------------------+
[   23.159396] cloud-init[1073]: ci-info: | enp0s3 | True |          10.0.2.15          | 255.255.255.0 |   .   | 02:39:99:10:d1:5e |
[   23.162514] cloud-init[1073]: ci-info: | enp0s3 | True |  fe80::39:99ff:fe10:d15e/64 |       .       |  link | 02:39:99:10:d1:5e |
[   23.196428] cloud-init[1073]: ci-info: | enp0s8 | True |        192.168.99.11        | 255.255.255.0 |   .   | 08:00:27:d3:72:e4 |
[[0;32m  OK  [0m] Started Initial cloud-init job (metadata service crawler).
[   23.203199] cloud-init[1073]: ci-info: | enp0s8 | True | fe80::a00:27ff:fed3:72e4/64 |       .       |  link | 08:00:27:d3:72:e4 |
[   23.207219] cloud-init[1073]: ci-info: |   lo   | True |          127.0.0.1          |   255.0.0.0   |   .   |         .         |
[   23.208935] cloud-init[1073]: ci-info: |   lo   | True |           ::1/128           |       .       |  host |         .         |
[[0;32m  OK  [0m] Reached target Network is Online.
[   23.243097] cloud-init[1073]: ci-info: +--------+------+-----------------------------+---------------+-------+-------------------+
[   23.369001] cloud-init[1073]: ci-info: ++++++++++++++++++++++++++++Route IPv4 info++++++++++++++++++++++++++++
[   23.420927] cloud-init[1073]: ci-info: +-------+--------------+----------+---------------+-----------+-------+
         Starting iSCSI initiator daemon (iscsid)...
[[0;32m  OK  [0m] Reached target Cloud-config availability.
[   23.484218] cloud-init[1073]: ci-info: | Route | Destination  | Gateway  |    Genmask    | Interface | Flags |
[   23.648295] cloud-init[1073]: ci-info: +-------+--------------+----------+---------------+-----------+-------+
[   23.708278] cloud-init[1073]: ci-info: |   0   |   0.0.0.0    | 10.0.2.2 |    0.0.0.0    |   enp0s3  |   UG  |
[   23.722659] cloud-init[1073]: ci-info: |   1   |   10.0.2.0   | 0.0.0.0  | 255.255.255.0 |   enp0s3  |   U   |
[   23.728195] cloud-init[1073]: ci-info: |   2   | 192.168.99.0 | 0.0.0.0  | 255.255.255.0 |   enp0s8  |   U   |
[   23.728304] cloud-init[1073]: ci-info: +-------+--------------+----------+---------------+-----------+-------+
[[0;32m  OK  [0m] Reached target System Initialization.
[[0;32m  OK  [0m] Listening on UUID daemon activation socket.
[[0;32m  OK  [0m] Started ACPI Events Check.
[[0;32m  OK  [0m] Reached target Paths.
[[0;32m  OK  [0m] Started Daily apt download activities.
[[0;32m  OK  [0m] Started Daily apt upgrade and clean activities.
         Starting LXD - unix socket.
[[0;32m  OK  [0m] Listening on D-Bus System Message Bus Socket.
[[0;32m  OK  [0m] Started Timer to automatically refresh installed snaps.
         Starting Socket activation for snappy daemon.
[[0;32m  OK  [0m] Started Daily Cleanup of Temporary Directories.
[[0;32m  OK  [0m] Reached target Timers.
[[0;32m  OK  [0m] Listening on ACPID Listen Socket.
[[0;32m  OK  [0m] Listening on LXD - unix socket.
[[0;32m  OK  [0m] Listening on Socket activation for snappy daemon.
[[0;32m  OK  [0m] Started iSCSI initiator daemon (iscsid).
         Starting Login to default iSCSI targets...
[[0;32m  OK  [0m] Reached target Sockets.
[[0;32m  OK  [0m] Reached target Basic System.
         Starting puppetserver Service...
[[0;32m  OK  [0m] Started ACPI event daemon.
         Starting The Marionette Collective...
[[0;32m  OK  [0m] Started GitLab Runit supervision process.
         Starting LSB: Record successful boot for GRUB...
         Starting Virtualbox guest utils...
[[0;32m  OK  [0m] Started FUSE filesystem for LXC.
         Starting LSB: MD monitoring daemon...
[[0;32m  OK  [0m] Started D-Bus System Message Bus.
         Starting Login Service...
         Starting /etc/rc.local Compatibility...
         Starting Snappy daemon...
[[0;32m  OK  [0m] Started Deferred execution scheduler.
[[0;32m  OK  [0m] Started Puppet agent.
[[0;32m  OK  [0m] Started Unattended Upgrades Shutdown.
         Starting Accounts Service...
         Starting System Logging Service...
[[0;32m  OK  [0m] Started Regular background program processing daemon.
         Starting Apply the settings specified in cloud-config...
         Starting OpenBSD Secure Shell server...
         Starting LXD - container startup/shutdown...
[[0;32m  OK  [0m] Started /etc/rc.local Compatibility.
[[0;32m  OK  [0m] Started Login Service.
[   27.051601] cloud-init[1261]: Cloud-init v. 17.2 running 'modules:config' at Wed, 04 Jul 2018 16:19:30 +0000. Up 26.70 seconds.
[[0;32m  OK  [0m] Started Apply the settings specified in cloud-config.
[[0;32m  OK  [0m] Started LSB: Record successful boot for GRUB.
[[0;32m  OK  [0m] Started LSB: MD monitoring daemon.
[[0;32m  OK  [0m] Started Login to default iSCSI targets.
[[0;32m  OK  [0m] Reached target Remote File Systems (Pre).
[[0;32m  OK  [0m] Reached target Remote File Systems.
         Starting LSB: Set the CPU Frequency Scaling governor to "ondemand"...
         Starting LSB: Apache2 web server...
         Starting LSB: automatic crash report generation...
         Starting LSB: daemon to balance interrupts for SMP systems...
         Starting Permit User Sessions...
         Starting LSB: Postfix Mail Transport Agent...
[[0;32m  OK  [0m] Started LSB: Set the CPU Frequency Scaling governor to "ondemand".
[[0;32m  OK  [0m] Started Permit User Sessions.
         Starting Hold until boot process finishes up...
         Starting Terminate Plymouth Boot Screen...
[[0;32m  OK  [0m] Started Hold until boot process finishes up.
[[0;32m  OK  [0m] Started Terminate Plymouth Boot Screen.
[[0;32m  OK  [0m] Started Getty on tty1.
[[0;32m  OK  [0m] Started Serial Getty on ttyS0.
[[0;32m  OK  [0m] Reached target Login Prompts.
         Starting Set console scheme...
[[0;32m  OK  [0m] Started System Logging Service.
[[0;32m  OK  [0m] Started LSB: daemon to balance interrupts for SMP systems.
[[0;32m  OK  [0m] Started Virtualbox guest utils.
[[0;32m  OK  [0m] Started LSB: automatic crash report generation.
[[0;32m  OK  [0m] Started Set console scheme.
         Starting Authenticate and Authorize Users to Run Privileged Tasks...
[[0;32m  OK  [0m] Started OpenBSD Secure Shell server.
[[0;32m  OK  [0m] Started Authenticate and Authorize Users to Run Privileged Tasks.
[[0;32m  OK  [0m] Started Accounts Service.
[[0;32m  OK  [0m] Created slice User Slice of vagrant.
         Starting User Manager for UID 1000...
[[0;32m  OK  [0m] Started Session 1 of user vagrant.
[[0;32m  OK  [0m] Started User Manager for UID 1000.
[[0;32m  OK  [0m] Started Snappy daemon.

Ubuntu 16.04.4 LTS devops ttyS0

devops login: [   96.602759] cloud-init[2723]: Cloud-init v. 17.2 running 'modules:final' at Wed, 04 Jul 2018 16:20:40 +0000. Up 96.39 seconds.
[   96.603417] cloud-init[2723]: Cloud-init v. 17.2 finished at Wed, 04 Jul 2018 16:20:40 +0000. Datasource DataSourceNoCloud [seed=/dev/sdb][dsmode=net].  Up 96.59 seconds
